#
# An unexpected error has been detected by Java Runtime Environment:
#
#  EXCEPTION_ACCESS_VIOLATION (0xc0000005) at pc=0x70e06cb3, pid=3848, tid=1956
#
# Java VM: Java HotSpot(TM) Client VM (11.0-b15 mixed mode, sharing windows-x86)
# Problematic frame:
# C  [GOOGLEPINYIN2.IME+0x96cb3]
#
# If you would like to submit a bug report, please visit:
#   http://java.sun.com/webapps/bugreport/crash.jsp
# The crash happened outside the Java Virtual Machine in native code.
# See problematic frame for where to report the bug.
#

---------------  T H R E A D  ---------------

Current thread (0x019b1800):  JavaThread "AWT-Windows" daemon [_thread_in_native, id=1956, stack(0x03fb0000,0x04000000)]

siginfo: ExceptionCode=0xc0000005, reading address 0x00000004

Registers:
EAX=0x00000111, EBX=0x00000002, ECX=0x00000000, EDX=0x00000000
ESP=0x03fff704, EBP=0x03fff734, ESI=0x081be7e8, EDI=0x081f2148
EIP=0x70e06cb3, EFLAGS=0x00010246

Top of Stack: (sp=0x03fff704)
0x03fff704:   00060582 081be7e8 00000111 00000002
0x03fff714:   00060582 70e072a2 081be7e8 00000001
0x03fff724:   03fff7b0 00000111 03fff760 00000000
0x03fff734:   00000000 7693c4e7 00060582 00000111
0x03fff744:   00000002 00060582 00000111 dcbaabcd
0x03fff754:   00000000 03fff7b0 00000111 03fff7d8
0x03fff764:   7693c5e7 70e07250 00060582 00000111
0x03fff774:   00000002 00060582 9eac7ae2 00661fb8 

Instructions: (pc=0x70e06cb3)
0x70e06ca3:   24 1c 01 00 00 00 85 c9 75 41 8b 7e 04 8b 57 50
0x70e06cb3:   8b 4a 04 53 e8 b4 c6 ff ff 85 c0 74 25 8b 70 1c 


Stack: [0x03fb0000,0x04000000],  sp=0x03fff704,  free space=317k
Native frames: (J=compiled Java code, j=interpreted, Vv=VM code, C=native code)
C  [GOOGLEPINYIN2.IME+0x96cb3]

Java frames: (J=compiled Java code, j=interpreted, Vv=VM code)
j  sun.awt.windows.WToolkit.eventLoop()V+0
j  sun.awt.windows.WToolkit.run()V+69
j  java.lang.Thread.run()V+11
v  ~StubRoutines::call_stub

---------------  P R O C E S S  ---------------

Java Threads: ( => current thread )
  0x0198b400 JavaThread "Thread-1" daemon [_thread_in_native, id=4700, stack(0x09cf0000,0x09d40000)]
  0x04a1b800 JavaThread "TimerQueue" daemon [_thread_blocked, id=3708, stack(0x09bf0000,0x09c40000)]
  0x01a09800 JavaThread "DestroyJavaVM" [_thread_blocked, id=2992, stack(0x001d0000,0x00220000)]
  0x0494cc00 JavaThread "AWT-EventQueue-0" [_thread_blocked, id=4596, stack(0x04310000,0x04360000)]
=>0x019b1800 JavaThread "AWT-Windows" daemon [_thread_in_native, id=1956, stack(0x03fb0000,0x04000000)]
  0x019b1400 JavaThread "AWT-Shutdown" [_thread_blocked, id=5388, stack(0x03dc0000,0x03e10000)]
  0x01973c00 JavaThread "Java2D Disposer" daemon [_thread_blocked, id=5036, stack(0x03d30000,0x03d80000)]
  0x0195f800 JavaThread "Low Memory Detector" daemon [_thread_blocked, id=4160, stack(0x03c20000,0x03c70000)]
  0x0195dc00 JavaThread "CompilerThread0" daemon [_thread_blocked, id=5344, stack(0x03bd0000,0x03c20000)]
  0x0195ac00 JavaThread "Attach Listener" daemon [_thread_blocked, id=164, stack(0x03b80000,0x03bd0000)]
  0x01958000 JavaThread "Signal Dispatcher" daemon [_thread_blocked, id=1136, stack(0x03b30000,0x03b80000)]
  0x01911c00 JavaThread "Finalizer" daemon [_thread_blocked, id=1936, stack(0x03ae0000,0x03b30000)]
  0x01910800 JavaThread "Reference Handler" daemon [_thread_blocked, id=5904, stack(0x03a90000,0x03ae0000)]

Other Threads:
  0x0190ec00 VMThread [stack: 0x03a40000,0x03a90000] [id=6124]
  0x0196d400 WatcherThread [stack: 0x03c70000,0x03cc0000] [id=1028]

VM state:not at safepoint (normal execution)

VM Mutex/Monitor currently owned by a thread: None

Heap
 def new generation   total 960K, used 410K [0x23ad0000, 0x23bd0000, 0x23fb0000)
  eden space 896K,  42% used [0x23ad0000, 0x23b2ea88, 0x23bb0000)
  from space 64K,  49% used [0x23bb0000, 0x23bb7de8, 0x23bc0000)
  to   space 64K,   0% used [0x23bc0000, 0x23bc0000, 0x23bd0000)
 tenured generation   total 4096K, used 1479K [0x23fb0000, 0x243b0000, 0x27ad0000)
   the space 4096K,  36% used [0x23fb0000, 0x24121fb0, 0x24122000, 0x243b0000)
 compacting perm gen  total 12288K, used 624K [0x27ad0000, 0x286d0000, 0x2bad0000)
   the space 12288K,   5% used [0x27ad0000, 0x27b6c158, 0x27b6c200, 0x286d0000)
    ro space 8192K,  67% used [0x2bad0000, 0x2c032f30, 0x2c033000, 0x2c2d0000)
    rw space 12288K,  53% used [0x2c2d0000, 0x2c940180, 0x2c940200, 0x2ced0000)

Dynamic libraries:
0x00400000 - 0x00424000 	D:\java\jdk1.6\bin\javaw.exe
0x77760000 - 0x7789c000 	C:\Windows\SYSTEM32\ntdll.dll
0x76b40000 - 0x76c14000 	C:\Windows\system32\kernel32.dll
0x757f0000 - 0x7583b000 	C:\Windows\system32\KERNELBASE.dll
0x77100000 - 0x771a0000 	C:\Windows\system32\ADVAPI32.dll
0x76c80000 - 0x76d2c000 	C:\Windows\system32\msvcrt.dll
0x778a0000 - 0x778b9000 	C:\Windows\SYSTEM32\sechost.dll
0x77050000 - 0x770f2000 	C:\Windows\system32\RPCRT4.dll
0x76920000 - 0x769e9000 	C:\Windows\system32\USER32.dll
0x77920000 - 0x7796e000 	C:\Windows\system32\GDI32.dll
0x76870000 - 0x7687a000 	C:\Windows\system32\LPK.dll
0x76880000 - 0x7691d000 	C:\Windows\system32\USP10.dll
0x77970000 - 0x7798f000 	C:\Windows\system32\IMM32.DLL
0x76d30000 - 0x76dfc000 	C:\Windows\system32\MSCTF.dll
0x10000000 - 0x1001c000 	C:\PROGRA~1\COMMON~1\Baidu\BDWEBA~1\20320~1.0\BDEWebAdapterFrame.dll
0x7c340000 - 0x7c396000 	D:\java\jdk1.6\jre\bin\msvcr71.dll
0x6d8b0000 - 0x6db06000 	D:\java\jdk1.6\jre\bin\client\jvm.dll
0x73460000 - 0x73492000 	C:\Windows\system32\WINMM.dll
0x75600000 - 0x7564c000 	C:\Windows\system32\apphelp.dll
0x6d330000 - 0x6d338000 	D:\java\jdk1.6\jre\bin\hpi.dll
0x778c0000 - 0x778c5000 	C:\Windows\system32\PSAPI.DLL
0x6d860000 - 0x6d86c000 	D:\java\jdk1.6\jre\bin\verify.dll
0x6d3d0000 - 0x6d3ef000 	D:\java\jdk1.6\jre\bin\java.dll
0x6d8a0000 - 0x6d8af000 	D:\java\jdk1.6\jre\bin\zip.dll
0x6d0b0000 - 0x6d1e8000 	D:\java\jdk1.6\jre\bin\awt.dll
0x70a20000 - 0x70a71000 	C:\Windows\system32\WINSPOOL.DRV
0x76e00000 - 0x76f5c000 	C:\Windows\system32\ole32.dll
0x6bbc0000 - 0x6bc44000 	C:\Windows\WinSxS\x86_microsoft.windows.common-controls_6595b64144ccf1df_5.82.7601.18201_none_ec80f00e8593ece5\comctl32.dll
0x73fb0000 - 0x73fc3000 	C:\Windows\system32\DWMAPI.DLL
0x742c0000 - 0x74300000 	C:\Windows\system32\uxtheme.dll
0x6d2d0000 - 0x6d324000 	D:\java\jdk1.6\jre\bin\fontmanager.dll
0x6d6c0000 - 0x6d6d3000 	D:\java\jdk1.6\jre\bin\net.dll
0x778d0000 - 0x77905000 	C:\Windows\system32\WS2_32.dll
0x77910000 - 0x77916000 	C:\Windows\system32\NSI.dll
0x75130000 - 0x7516c000 	C:\Windows\system32\mswsock.dll
0x75120000 - 0x75126000 	C:\Windows\System32\wship6.dll
0x6d6e0000 - 0x6d6e9000 	D:\java\jdk1.6\jre\bin\nio.dll
0x70d70000 - 0x710c9000 	C:\Windows\system32\GOOGLEPINYIN2.IME
0x75960000 - 0x75a80000 	C:\Windows\system32\CRYPT32.dll
0x75770000 - 0x7577c000 	C:\Windows\system32\MSASN1.dll
0x75bd0000 - 0x7681a000 	C:\Windows\system32\SHELL32.dll
0x76c20000 - 0x76c77000 	C:\Windows\system32\SHLWAPI.dll
0x74be0000 - 0x74be9000 	C:\Windows\system32\VERSION.dll
0x757b0000 - 0x757de000 	C:\Windows\system32\WINTRUST.dll
0x76f60000 - 0x76fef000 	C:\Windows\system32\OLEAUT32.dll
0x73b30000 - 0x73b35000 	C:\Windows\system32\MSIMG32.dll
0x74130000 - 0x742c0000 	C:\Windows\WinSxS\x86_microsoft.windows.gdiplus_6595b64144ccf1df_1.1.7601.18455_none_72d576ad8665e853\gdiplus.dll
0x70c60000 - 0x70d4b000 	C:\Windows\system32\dbghelp.dll
0x771a0000 - 0x77375000 	C:\Windows\system32\WININET.dll
0x75940000 - 0x75944000 	C:\Windows\system32\api-ms-win-downlevel-user32-l1-1-0.dll
0x75910000 - 0x75914000 	C:\Windows\system32\api-ms-win-downlevel-shlwapi-l1-1-0.dll
0x75900000 - 0x75904000 	C:\Windows\system32\api-ms-win-downlevel-version-l1-1-0.dll
0x757e0000 - 0x757e3000 	C:\Windows\system32\api-ms-win-downlevel-normaliz-l1-1-0.dll
0x76b30000 - 0x76b33000 	C:\Windows\system32\normaliz.DLL
0x77520000 - 0x77752000 	C:\Windows\system32\iertutil.dll
0x75950000 - 0x75955000 	C:\Windows\system32\api-ms-win-downlevel-advapi32-l1-1-0.dll
0x75840000 - 0x75857000 	C:\Windows\system32\USERENV.dll
0x75760000 - 0x7576b000 	C:\Windows\system32\profapi.dll
0x75650000 - 0x7565c000 	C:\Windows\system32\CRYPTBASE.dll
0x64d50000 - 0x64de3000 	C:\Users\Administrator\AppData\Roaming\TaobaoProtect\TaobaoProtectSE.dll
0x73ae0000 - 0x73ae3000 	C:\Windows\system32\sfc.dll
0x73760000 - 0x7376d000 	C:\Windows\system32\sfc_os.DLL
0x73f50000 - 0x73f71000 	C:\Windows\system32\ntmarta.dll
0x76820000 - 0x76865000 	C:\Windows\system32\WLDAP32.dll
0x74510000 - 0x746ae000 	C:\Windows\WinSxS\x86_microsoft.windows.common-controls_6595b64144ccf1df_6.0.7601.17514_none_41e6975e2bd6f2b2\comctl32.dll
0x76a70000 - 0x76af3000 	C:\Windows\system32\CLBCatQ.DLL
0x6c510000 - 0x6c643000 	C:\Windows\System32\msxml3.dll
0x755e0000 - 0x755fb000 	C:\Windows\system32\SspiCli.dll
0x73e20000 - 0x73f50000 	C:\Windows\system32\WindowsCodecs.dll

VM Arguments:
jvm_args: -Dfile.encoding=GBK 
java_command: Calculator
Launcher Type: SUN_STANDARD

Environment Variables:
JAVA_HOME=D:\java\jdk1.6
CLASSPATH= .;D:\java\jdk1.6\lib;D:\java\jdk1.6\lib\tools.jar
PATH=D:/java/jdk1.6/bin/../jre/bin/client;D:/java/jdk1.6/bin/../jre/bin;D:/java/jdk1.6/bin/../jre/lib/i386;C:\Windows\system32;C:\Windows;C:\Windows\System32\Wbem;C:\Windows\System32\WindowsPowerShell\v1.0\;C:\Program Files\ATI Technologies\ATI.ACE\Core-Static;C:\Program Files\Microsoft SQL Server\100\Tools\Binn\;C:\Program Files\Microsoft SQL Server\100\DTS\Binn\;D:\java\jdk1.6\bin;D:\java\jdk1.6\jre\bin;E:\android\adt-bundle-windows-x86-20140702\eclipse;
USERNAME=Administrator
OS=Windows_NT
PROCESSOR_IDENTIFIER=x86 Family 6 Model 42 Stepping 7, GenuineIntel



---------------  S Y S T E M  ---------------

OS: Windows NT 6.1 Build 7601 Service Pack 1

CPU:total 4 (8 cores per cpu, 2 threads per core) family 6 model 10 stepping 7, cmov, cx8, fxsr, mmx, sse, sse2, sse3, ssse3, ht

Memory: 4k page, physical 2097151k(749728k free), swap 4194303k(2025996k free)

vm_info: Java HotSpot(TM) Client VM (11.0-b15) for windows-x86 JRE (1.6.0_10-rc2-b32), built on Sep 12 2008 00:52:11 by "java_re" with MS VC++ 7.1

time: Tue Mar 15 20:42:39 2016
elapsed time: 22 seconds

